0 info it worked if it ends with ok
1 verbose cli [ '/usr/local/Cellar/node@6/6.9.5/bin/node',
1 verbose cli   '/usr/local/bin/npm',
1 verbose cli   'run',
1 verbose cli   'dev' ]
2 info using npm@4.1.2
3 info using node@v6.9.5
4 verbose run-script [ 'predev', 'dev', 'postdev' ]
5 info lifecycle @~predev: @
6 silly lifecycle @~predev: no script for predev, continuing
7 info lifecycle @~dev: @
8 verbose lifecycle @~dev: unsafe-perm in lifecycle true
9 verbose lifecycle @~dev: PATH: /usr/local/lib/node_modules/npm/bin/node-gyp-bin:/Users/orvice/www/ss-panel/node_modules/.bin:/Users/orvice/.rvm/gems/ruby-2.2.1/bin:/Users/orvice/.rvm/gems/ruby-2.2.1@global/bin:/Users/orvice/.rvm/rubies/ruby-2.2.1/bin:/Users/orvice/google-cloud-sdk/bin:/Users/orvice/.rbenv/shims:/usr/local/sbin:/Users/orvice/google-cloud-sdk/bin:/usr/local/bin:/usr/bin:/bin:/usr/sbin:/sbin:/Users/orvice/.rvm/bin:/Users/orvice/.composer/vendor/bin:/usr/local/go/bin:/Users/orvice/go/bin:/usr/local/opt/go/libexec/bin
10 verbose lifecycle @~dev: CWD: /Users/orvice/www/ss-panel
11 silly lifecycle @~dev: Args: [ '-c',
11 silly lifecycle   'node node_modules/cross-env/bin/cross-env.js NODE_ENV=development node_modules/webpack/bin/webpack.js --progress --hide-modules --config=node_modules/laravel-mix/setup/webpack.config.js' ]
12 silly lifecycle @~dev: Returned: code: 2  signal: null
13 info lifecycle @~dev: Failed to exec dev script
14 verbose stack Error: @ dev: `node node_modules/cross-env/bin/cross-env.js NODE_ENV=development node_modules/webpack/bin/webpack.js --progress --hide-modules --config=node_modules/laravel-mix/setup/webpack.config.js`
14 verbose stack Exit status 2
14 verbose stack     at EventEmitter.<anonymous> (/usr/local/lib/node_modules/npm/lib/utils/lifecycle.js:279:16)
14 verbose stack     at emitTwo (events.js:106:13)
14 verbose stack     at EventEmitter.emit (events.js:191:7)
14 verbose stack     at ChildProcess.<anonymous> (/usr/local/lib/node_modules/npm/lib/utils/spawn.js:40:14)
14 verbose stack     at emitTwo (events.js:106:13)
14 verbose stack     at ChildProcess.emit (events.js:191:7)
14 verbose stack     at maybeClose (internal/child_process.js:877:16)
14 verbose stack     at Process.ChildProcess._handle.onexit (internal/child_process.js:226:5)
15 verbose pkgid @
16 verbose cwd /Users/orvice/www/ss-panel
17 error Darwin 16.4.0
18 error argv "/usr/local/Cellar/node@6/6.9.5/bin/node" "/usr/local/bin/npm" "run" "dev"
19 error node v6.9.5
20 error npm  v4.1.2
21 error code ELIFECYCLE
22 error @ dev: `node node_modules/cross-env/bin/cross-env.js NODE_ENV=development node_modules/webpack/bin/webpack.js --progress --hide-modules --config=node_modules/laravel-mix/setup/webpack.config.js`
22 error Exit status 2
23 error Failed at the @ dev script 'node node_modules/cross-env/bin/cross-env.js NODE_ENV=development node_modules/webpack/bin/webpack.js --progress --hide-modules --config=node_modules/laravel-mix/setup/webpack.config.js'.
23 error Make sure you have the latest version of node.js and npm installed.
23 error If you do, this is most likely a problem with the  package,
23 error not with npm itself.
23 error Tell the author that this fails on your system:
23 error     node node_modules/cross-env/bin/cross-env.js NODE_ENV=development node_modules/webpack/bin/webpack.js --progress --hide-modules --config=node_modules/laravel-mix/setup/webpack.config.js
23 error You can get information on how to open an issue for this project with:
23 error     npm bugs
23 error Or if that isn't available, you can get their info via:
23 error     npm owner ls
23 error There is likely additional logging output above.
24 verbose exit [ 1, true ]
